[INFO ] | 2018-03-02 14:22:55.132 | [main] musiclist.App (App.java:36) | Commandline requested log level:
[INFO ] | 2018-03-02 14:22:55.132 | [main] musiclist.App (App.java:36) | Commandline requested log level:
[INFO ] | 2018-03-02 14:22:55.150 | [main] musiclist.App (App.java:37) | Application started with log level debug:
[INFO ] | 2018-03-02 14:22:55.150 | [main] musiclist.App (App.java:37) | Application started with log level debug:
[INFO ] | 2018-03-02 14:30:10.328 | [main] musiclist.App (App.java:36) | Commandline requested log level:
[INFO ] | 2018-03-02 14:30:10.328 | [main] musiclist.App (App.java:36) | Commandline requested log level:
[INFO ] | 2018-03-02 14:30:10.331 | [main] musiclist.App (App.java:37) | Application started with log level debug:
[INFO ] | 2018-03-02 14:30:10.331 | [main] musiclist.App (App.java:37) | Application started with log level debug:
[INFO ] | 2018-03-02 14:38:55.103 | [main] musiclist.App (App.java:36) | Commandline requested log level:
[INFO ] | 2018-03-02 14:38:55.103 | [main] musiclist.App (App.java:36) | Commandline requested log level:
[INFO ] | 2018-03-02 14:38:55.106 | [main] musiclist.App (App.java:37) | Application started with log level debug:
[INFO ] | 2018-03-02 14:38:55.106 | [main] musiclist.App (App.java:37) | Application started with log level debug:
[INFO ] | 2018-03-02 14:39:10.514 | [main] music.PlayListDAO (MusicListDAO.java:22) | Start connection
[INFO ] | 2018-03-02 14:39:10.514 | [main] music.PlayListDAO (MusicListDAO.java:22) | Start connection
[INFO ] | 2018-03-02 14:39:10.514 | [main] music.PlayListDAO (MusicListDAO.java:27) | success connection
[INFO ] | 2018-03-02 14:39:10.514 | [main] music.PlayListDAO (MusicListDAO.java:27) | success connection
[INFO ] | 2018-03-02 14:40:28.079 | [main] musiclist.App (App.java:36) | Commandline requested log level:
[INFO ] | 2018-03-02 14:40:28.079 | [main] musiclist.App (App.java:36) | Commandline requested log level:
[INFO ] | 2018-03-02 14:40:28.082 | [main] musiclist.App (App.java:37) | Application started with log level debug:
[INFO ] | 2018-03-02 14:40:28.082 | [main] musiclist.App (App.java:37) | Application started with log level debug:
[INFO ] | 2018-03-02 14:40:30.997 | [main] music.PlayListDAO (MusicListDAO.java:22) | Start connection
[INFO ] | 2018-03-02 14:40:30.997 | [main] music.PlayListDAO (MusicListDAO.java:22) | Start connection
[INFO ] | 2018-03-02 14:42:46.595 | [main] musiclist.App (App.java:36) | Commandline requested log level:
[INFO ] | 2018-03-02 14:42:46.595 | [main] musiclist.App (App.java:36) | Commandline requested log level:
[INFO ] | 2018-03-02 14:42:46.598 | [main] musiclist.App (App.java:37) | Application started with log level debug:
[INFO ] | 2018-03-02 14:42:46.598 | [main] musiclist.App (App.java:37) | Application started with log level debug:
[INFO ] | 2018-03-02 14:42:52.148 | [main] music.PlayListDAO (MusicListDAO.java:22) | Start connection
[INFO ] | 2018-03-02 14:42:52.148 | [main] music.PlayListDAO (MusicListDAO.java:22) | Start connection
[INFO ] | 2018-03-02 14:43:22.614 | [main] musiclist.App (App.java:36) | Commandline requested log level:
[INFO ] | 2018-03-02 14:43:22.614 | [main] musiclist.App (App.java:36) | Commandline requested log level:
[INFO ] | 2018-03-02 14:43:22.617 | [main] musiclist.App (App.java:37) | Application started with log level debug:
[INFO ] | 2018-03-02 14:43:22.617 | [main] musiclist.App (App.java:37) | Application started with log level debug:
[INFO ] | 2018-03-02 14:43:44.871 | [main] music.PlayListDAO (MusicListDAO.java:22) | Start connection
[INFO ] | 2018-03-02 14:43:44.871 | [main] music.PlayListDAO (MusicListDAO.java:22) | Start connection
[INFO ] | 2018-03-02 14:44:02.328 | [main] musiclist.App (App.java:36) | Commandline requested log level:
[INFO ] | 2018-03-02 14:44:02.328 | [main] musiclist.App (App.java:36) | Commandline requested log level:
[INFO ] | 2018-03-02 14:44:02.331 | [main] musiclist.App (App.java:37) | Application started with log level debug:
[INFO ] | 2018-03-02 14:44:02.331 | [main] musiclist.App (App.java:37) | Application started with log level debug:
[INFO ] | 2018-03-02 15:07:11.442 | [main] musiclist.App (App.java:36) | Commandline requested log level:
[INFO ] | 2018-03-02 15:07:11.442 | [main] musiclist.App (App.java:36) | Commandline requested log level:
[INFO ] | 2018-03-02 15:07:11.444 | [main] musiclist.App (App.java:37) | Application started with log level debug:
[INFO ] | 2018-03-02 15:07:11.444 | [main] musiclist.App (App.java:37) | Application started with log level debug:
[INFO ] | 2018-03-02 15:07:14.816 | [main] music.PlayListDAO (MusicListDAO.java:27) | Start connection
[INFO ] | 2018-03-02 15:07:14.816 | [main] music.PlayListDAO (MusicListDAO.java:27) | Start connection
[INFO ] | 2018-03-02 15:07:16.283 | [main] music.PlayListDAO (MusicListDAO.java:39) | success connection
[INFO ] | 2018-03-02 15:07:16.283 | [main] music.PlayListDAO (MusicListDAO.java:39) | success connection
[ERROR] | 2018-03-02 15:07:16.329 | [main] music.PlayListDAO (MusicListDAO.java:76) | [SQLITE_ERROR] SQL error or missing database (no such table: Music)
[ERROR] | 2018-03-02 15:07:16.329 | [main] music.PlayListDAO (MusicListDAO.java:76) | [SQLITE_ERROR] SQL error or missing database (no such table: Music)
[INFO ] | 2018-03-02 15:10:30.065 | [main] musiclist.App (App.java:36) | Commandline requested log level:
[INFO ] | 2018-03-02 15:10:30.065 | [main] musiclist.App (App.java:36) | Commandline requested log level:
[INFO ] | 2018-03-02 15:10:30.068 | [main] musiclist.App (App.java:37) | Application started with log level debug:
[INFO ] | 2018-03-02 15:10:30.068 | [main] musiclist.App (App.java:37) | Application started with log level debug:
[ERROR] | 2018-03-02 15:10:35.018 | [main] music.PlayListDAO (PlayListDAO.java:71) | [SQLITE_ERROR] SQL error or missing database (no such table: UserMusic)
[ERROR] | 2018-03-02 15:10:35.018 | [main] music.PlayListDAO (PlayListDAO.java:71) | [SQLITE_ERROR] SQL error or missing database (no such table: UserMusic)
[INFO ] | 2018-03-02 15:14:19.566 | [main] musiclist.App (App.java:36) | Commandline requested log level:
[INFO ] | 2018-03-02 15:14:19.566 | [main] musiclist.App (App.java:36) | Commandline requested log level:
[INFO ] | 2018-03-02 15:14:19.569 | [main] musiclist.App (App.java:37) | Application started with log level debug:
[INFO ] | 2018-03-02 15:14:19.569 | [main] musiclist.App (App.java:37) | Application started with log level debug:
[ERROR] | 2018-03-02 15:14:24.549 | [main] music.PlayListDAO (PlayListDAO.java:71) | [SQLITE_ERROR] SQL error or missing database (no such table: db.usermusic)
[ERROR] | 2018-03-02 15:14:24.549 | [main] music.PlayListDAO (PlayListDAO.java:71) | [SQLITE_ERROR] SQL error or missing database (no such table: db.usermusic)
[ERROR] | 2018-03-02 15:26:32.421 | [main] music.PlayListDAO (PlayListDAO.java:71) | [SQLITE_NOTADB]  File opened that is not a database file (file is not a database)
[ERROR] | 2018-03-02 15:26:32.421 | [main] music.PlayListDAO (PlayListDAO.java:71) | [SQLITE_NOTADB]  File opened that is not a database file (file is not a database)
[INFO ] | 2018-03-02 15:28:07.366 | [main] musiclist.App (App.java:36) | Commandline requested log level:
[INFO ] | 2018-03-02 15:28:07.366 | [main] musiclist.App (App.java:36) | Commandline requested log level:
[INFO ] | 2018-03-02 15:28:07.369 | [main] musiclist.App (App.java:37) | Application started with log level debug:
[INFO ] | 2018-03-02 15:28:07.369 | [main] musiclist.App (App.java:37) | Application started with log level debug:
[ERROR] | 2018-03-02 15:28:11.444 | [main] music.PlayListDAO (PlayListDAO.java:71) | [SQLITE_NOTADB]  File opened that is not a database file (file is not a database)
[ERROR] | 2018-03-02 15:28:11.444 | [main] music.PlayListDAO (PlayListDAO.java:71) | [SQLITE_NOTADB]  File opened that is not a database file (file is not a database)
[ERROR] | 2018-03-02 15:29:33.674 | [main] music.PlayListDAO (PlayListDAO.java:71) | [SQLITE_ERROR] SQL error or missing database (no such table: db.usermusic)
[ERROR] | 2018-03-02 15:29:33.674 | [main] music.PlayListDAO (PlayListDAO.java:71) | [SQLITE_ERROR] SQL error or missing database (no such table: db.usermusic)
[INFO ] | 2018-03-02 15:50:13.202 | [main] musiclist.App (App.java:36) | Commandline requested log level:
[INFO ] | 2018-03-02 15:50:13.202 | [main] musiclist.App (App.java:36) | Commandline requested log level:
[INFO ] | 2018-03-02 15:50:13.204 | [main] musiclist.App (App.java:37) | Application started with log level debug:
[INFO ] | 2018-03-02 15:50:13.204 | [main] musiclist.App (App.java:37) | Application started with log level debug:
[ERROR] | 2018-03-02 15:50:19.248 | [main] music.PlayListDAO (PlayListDAO.java:71) | [SQLITE_ERROR] SQL error or missing database (no such table: db.usermusic)
[ERROR] | 2018-03-02 15:50:19.248 | [main] music.PlayListDAO (PlayListDAO.java:71) | [SQLITE_ERROR] SQL error or missing database (no such table: db.usermusic)
[INFO ] | 2018-03-02 15:52:05.290 | [main] musiclist.App (App.java:36) | Commandline requested log level:
[INFO ] | 2018-03-02 15:52:05.290 | [main] musiclist.App (App.java:36) | Commandline requested log level:
[INFO ] | 2018-03-02 15:52:05.293 | [main] musiclist.App (App.java:37) | Application started with log level debug:
[INFO ] | 2018-03-02 15:52:05.293 | [main] musiclist.App (App.java:37) | Application started with log level debug:
[INFO ] | 2018-03-02 15:52:41.003 | [main] music.PlayListDAO (MusicListDAO.java:27) | Start connection
[INFO ] | 2018-03-02 15:52:41.003 | [main] music.PlayListDAO (MusicListDAO.java:27) | Start connection
[INFO ] | 2018-03-02 15:52:41.007 | [main] music.PlayListDAO (MusicListDAO.java:39) | success connection
[INFO ] | 2018-03-02 15:52:41.007 | [main] music.PlayListDAO (MusicListDAO.java:39) | success connection
[INFO ] | 2018-03-02 15:54:59.021 | [main] musiclist.App (App.java:36) | Commandline requested log level:
[INFO ] | 2018-03-02 15:54:59.021 | [main] musiclist.App (App.java:36) | Commandline requested log level:
[INFO ] | 2018-03-02 15:54:59.024 | [main] musiclist.App (App.java:37) | Application started with log level debug:
[INFO ] | 2018-03-02 15:54:59.024 | [main] musiclist.App (App.java:37) | Application started with log level debug:
[INFO ] | 2018-03-02 15:55:41.407 | [main] musiclist.App (App.java:36) | Commandline requested log level:
[INFO ] | 2018-03-02 15:55:41.407 | [main] musiclist.App (App.java:36) | Commandline requested log level:
[INFO ] | 2018-03-02 15:55:41.410 | [main] musiclist.App (App.java:37) | Application started with log level debug:
[INFO ] | 2018-03-02 15:55:41.410 | [main] musiclist.App (App.java:37) | Application started with log level debug:
[INFO ] | 2018-03-02 16:05:10.691 | [main] musiclist.App (App.java:36) | Commandline requested log level:
[INFO ] | 2018-03-02 16:05:10.691 | [main] musiclist.App (App.java:36) | Commandline requested log level:
[INFO ] | 2018-03-02 16:05:10.695 | [main] musiclist.App (App.java:37) | Application started with log level debug:
[INFO ] | 2018-03-02 16:05:10.695 | [main] musiclist.App (App.java:37) | Application started with log level debug:
[INFO ] | 2018-03-02 16:10:01.097 | [main] musiclist.App (App.java:36) | Commandline requested log level:
[INFO ] | 2018-03-02 16:10:01.097 | [main] musiclist.App (App.java:36) | Commandline requested log level:
[INFO ] | 2018-03-02 16:10:01.100 | [main] musiclist.App (App.java:37) | Application started with log level debug:
[INFO ] | 2018-03-02 16:10:01.100 | [main] musiclist.App (App.java:37) | Application started with log level debug:
[INFO ] | 2018-03-02 16:11:31.683 | [main] musiclist.App (App.java:36) | Commandline requested log level:
[INFO ] | 2018-03-02 16:11:31.683 | [main] musiclist.App (App.java:36) | Commandline requested log level:
[INFO ] | 2018-03-02 16:11:31.686 | [main] musiclist.App (App.java:37) | Application started with log level debug:
[INFO ] | 2018-03-02 16:11:31.686 | [main] musiclist.App (App.java:37) | Application started with log level debug:
[INFO ] | 2018-03-02 16:11:42.812 | [main] music.PlayListDAO (MusicListDAO.java:27) | Start connection
[INFO ] | 2018-03-02 16:11:42.812 | [main] music.PlayListDAO (MusicListDAO.java:27) | Start connection
[INFO ] | 2018-03-02 16:11:42.815 | [main] music.PlayListDAO (MusicListDAO.java:39) | success connection
[INFO ] | 2018-03-02 16:11:42.815 | [main] music.PlayListDAO (MusicListDAO.java:39) | success connection
[ERROR] | 2018-03-02 16:11:42.821 | [main] music.PlayListDAO (MusicListDAO.java:76) | [SQLITE_ERROR] SQL error or missing database (near "where": syntax error)
[ERROR] | 2018-03-02 16:11:42.821 | [main] music.PlayListDAO (MusicListDAO.java:76) | [SQLITE_ERROR] SQL error or missing database (near "where": syntax error)
[INFO ] | 2018-03-02 16:26:02.657 | [main] musiclist.App (App.java:36) | Commandline requested log level:
[INFO ] | 2018-03-02 16:26:02.657 | [main] musiclist.App (App.java:36) | Commandline requested log level:
[INFO ] | 2018-03-02 16:26:02.660 | [main] musiclist.App (App.java:37) | Application started with log level debug:
[INFO ] | 2018-03-02 16:26:02.660 | [main] musiclist.App (App.java:37) | Application started with log level debug:
[INFO ] | 2018-03-02 16:26:48.009 | [main] musiclist.App (App.java:36) | Commandline requested log level:
[INFO ] | 2018-03-02 16:26:48.009 | [main] musiclist.App (App.java:36) | Commandline requested log level:
[INFO ] | 2018-03-02 16:26:48.012 | [main] musiclist.App (App.java:37) | Application started with log level debug:
[INFO ] | 2018-03-02 16:26:48.012 | [main] musiclist.App (App.java:37) | Application started with log level debug:
[INFO ] | 2018-03-02 16:26:55.398 | [main] music.PlayListDAO (MusicListDAO.java:27) | Start connection
[INFO ] | 2018-03-02 16:26:55.398 | [main] music.PlayListDAO (MusicListDAO.java:27) | Start connection
[INFO ] | 2018-03-02 16:26:55.399 | [main] music.PlayListDAO (MusicListDAO.java:39) | success connection
[INFO ] | 2018-03-02 16:26:55.399 | [main] music.PlayListDAO (MusicListDAO.java:39) | success connection
[ERROR] | 2018-03-02 16:26:55.425 | [main] music.PlayListDAO (MusicListDAO.java:75) | Error parsing time stamp
[ERROR] | 2018-03-02 16:26:55.425 | [main] music.PlayListDAO (MusicListDAO.java:75) | Error parsing time stamp
[INFO ] | 2018-03-02 16:31:01.594 | [main] musiclist.App (App.java:36) | Commandline requested log level:
[INFO ] | 2018-03-02 16:31:01.594 | [main] musiclist.App (App.java:36) | Commandline requested log level:
[INFO ] | 2018-03-02 16:31:01.597 | [main] musiclist.App (App.java:37) | Application started with log level debug:
[INFO ] | 2018-03-02 16:31:01.597 | [main] musiclist.App (App.java:37) | Application started with log level debug:
[INFO ] | 2018-03-02 16:31:07.374 | [main] music.PlayListDAO (MusicListDAO.java:27) | Start connection
[INFO ] | 2018-03-02 16:31:07.374 | [main] music.PlayListDAO (MusicListDAO.java:27) | Start connection
[INFO ] | 2018-03-02 16:31:07.378 | [main] music.PlayListDAO (MusicListDAO.java:37) | success connection
[INFO ] | 2018-03-02 16:31:07.378 | [main] music.PlayListDAO (MusicListDAO.java:37) | success connection
[ERROR] | 2018-03-02 16:31:07.384 | [main] music.PlayListDAO (MusicListDAO.java:73) | Error parsing time stamp
[ERROR] | 2018-03-02 16:31:07.384 | [main] music.PlayListDAO (MusicListDAO.java:73) | Error parsing time stamp
[INFO ] | 2018-03-02 16:32:01.807 | [main] musiclist.App (App.java:36) | Commandline requested log level:
[INFO ] | 2018-03-02 16:32:01.807 | [main] musiclist.App (App.java:36) | Commandline requested log level:
[INFO ] | 2018-03-02 16:32:01.810 | [main] musiclist.App (App.java:37) | Application started with log level debug:
[INFO ] | 2018-03-02 16:32:01.810 | [main] musiclist.App (App.java:37) | Application started with log level debug:
[INFO ] | 2018-03-02 16:32:09.692 | [main] music.PlayListDAO (MusicListDAO.java:27) | Start connection
[INFO ] | 2018-03-02 16:32:09.692 | [main] music.PlayListDAO (MusicListDAO.java:27) | Start connection
[INFO ] | 2018-03-02 16:32:09.694 | [main] music.PlayListDAO (MusicListDAO.java:37) | success connection
[INFO ] | 2018-03-02 16:32:09.694 | [main] music.PlayListDAO (MusicListDAO.java:37) | success connection
[ERROR] | 2018-03-02 16:32:09.699 | [main] music.PlayListDAO (MusicListDAO.java:73) | Error parsing time stamp
[ERROR] | 2018-03-02 16:32:09.699 | [main] music.PlayListDAO (MusicListDAO.java:73) | Error parsing time stamp
[INFO ] | 2018-03-02 16:42:47.263 | [main] musiclist.App (App.java:36) | Commandline requested log level:
[INFO ] | 2018-03-02 16:42:47.263 | [main] musiclist.App (App.java:36) | Commandline requested log level:
[INFO ] | 2018-03-02 16:42:47.266 | [main] musiclist.App (App.java:37) | Application started with log level debug:
[INFO ] | 2018-03-02 16:42:47.266 | [main] musiclist.App (App.java:37) | Application started with log level debug:
[INFO ] | 2018-03-02 16:42:54.629 | [main] music.PlayListDAO (MusicListDAO.java:27) | Start connection
[INFO ] | 2018-03-02 16:42:54.629 | [main] music.PlayListDAO (MusicListDAO.java:27) | Start connection
[INFO ] | 2018-03-02 16:42:54.632 | [main] music.PlayListDAO (MusicListDAO.java:37) | success connection
[INFO ] | 2018-03-02 16:42:54.632 | [main] music.PlayListDAO (MusicListDAO.java:37) | success connection
[INFO ] | 2018-03-02 16:43:11.662 | [main] music.PlayListDAO (MusicListDAO.java:27) | Start connection
[INFO ] | 2018-03-02 16:43:11.662 | [main] music.PlayListDAO (MusicListDAO.java:27) | Start connection
[INFO ] | 2018-03-02 16:43:11.664 | [main] music.PlayListDAO (MusicListDAO.java:37) | success connection
[INFO ] | 2018-03-02 16:43:11.664 | [main] music.PlayListDAO (MusicListDAO.java:37) | success connection
[INFO ] | 2018-03-02 16:43:25.212 | [main] music.PlayListDAO (MusicListDAO.java:27) | Start connection
[INFO ] | 2018-03-02 16:43:25.212 | [main] music.PlayListDAO (MusicListDAO.java:27) | Start connection
[INFO ] | 2018-03-02 16:43:25.215 | [main] music.PlayListDAO (MusicListDAO.java:37) | success connection
[INFO ] | 2018-03-02 16:43:25.215 | [main] music.PlayListDAO (MusicListDAO.java:37) | success connection
[INFO ] | 2018-03-02 17:10:16.043 | [main] musiclist.App (App.java:36) | Commandline requested log level:
[INFO ] | 2018-03-02 17:10:16.043 | [main] musiclist.App (App.java:36) | Commandline requested log level:
[INFO ] | 2018-03-02 17:10:16.047 | [main] musiclist.App (App.java:37) | Application started with log level debug:
[INFO ] | 2018-03-02 17:10:16.047 | [main] musiclist.App (App.java:37) | Application started with log level debug:
[INFO ] | 2018-03-02 17:10:23.472 | [main] music.PlayListDAO (MusicListDAO.java:29) | Start connection
[INFO ] | 2018-03-02 17:10:23.472 | [main] music.PlayListDAO (MusicListDAO.java:29) | Start connection
[INFO ] | 2018-03-02 17:10:23.475 | [main] music.PlayListDAO (MusicListDAO.java:39) | success connection
[INFO ] | 2018-03-02 17:10:23.475 | [main] music.PlayListDAO (MusicListDAO.java:39) | success connection
[ERROR] | 2018-03-02 17:10:23.510 | [main] music.PlayListDAO (MusicListDAO.java:76) | Error parsing time stamp
[ERROR] | 2018-03-02 17:10:23.510 | [main] music.PlayListDAO (MusicListDAO.java:76) | Error parsing time stamp
[INFO ] | 2018-03-02 17:11:10.073 | [main] musiclist.App (App.java:36) | Commandline requested log level:
[INFO ] | 2018-03-02 17:11:10.073 | [main] musiclist.App (App.java:36) | Commandline requested log level:
[INFO ] | 2018-03-02 17:11:10.076 | [main] musiclist.App (App.java:37) | Application started with log level debug:
[INFO ] | 2018-03-02 17:11:10.076 | [main] musiclist.App (App.java:37) | Application started with log level debug:
[INFO ] | 2018-03-02 17:11:14.460 | [main] music.PlayListDAO (MusicListDAO.java:29) | Start connection
[INFO ] | 2018-03-02 17:11:14.460 | [main] music.PlayListDAO (MusicListDAO.java:29) | Start connection
[INFO ] | 2018-03-02 17:11:14.464 | [main] music.PlayListDAO (MusicListDAO.java:39) | success connection
[INFO ] | 2018-03-02 17:11:14.464 | [main] music.PlayListDAO (MusicListDAO.java:39) | success connection
[INFO ] | 2018-03-02 17:14:14.017 | [main] musiclist.App (App.java:36) | Commandline requested log level:
[INFO ] | 2018-03-02 17:14:14.017 | [main] musiclist.App (App.java:36) | Commandline requested log level:
[INFO ] | 2018-03-02 17:14:14.020 | [main] musiclist.App (App.java:37) | Application started with log level debug:
[INFO ] | 2018-03-02 17:14:14.020 | [main] musiclist.App (App.java:37) | Application started with log level debug:
[INFO ] | 2018-03-02 17:14:26.194 | [main] music.PlayListDAO (MusicListDAO.java:29) | Start connection
[INFO ] | 2018-03-02 17:14:26.194 | [main] music.PlayListDAO (MusicListDAO.java:29) | Start connection
[INFO ] | 2018-03-02 17:14:26.195 | [main] music.PlayListDAO (MusicListDAO.java:39) | success connection
[INFO ] | 2018-03-02 17:14:26.195 | [main] music.PlayListDAO (MusicListDAO.java:39) | success connection
[INFO ] | 2018-03-02 17:22:28.232 | [main] musiclist.App (App.java:36) | Commandline requested log level:
[INFO ] | 2018-03-02 17:22:28.232 | [main] musiclist.App (App.java:36) | Commandline requested log level:
[INFO ] | 2018-03-02 17:22:28.236 | [main] musiclist.App (App.java:37) | Application started with log level debug:
[INFO ] | 2018-03-02 17:22:28.236 | [main] musiclist.App (App.java:37) | Application started with log level debug:
[INFO ] | 2018-03-02 17:22:34.043 | [main] music.PlayListDAO (PlayListDAO.java:29) | Start connection
[INFO ] | 2018-03-02 17:22:34.043 | [main] music.PlayListDAO (PlayListDAO.java:29) | Start connection
[INFO ] | 2018-03-02 17:22:34.510 | [main] music.PlayListDAO (PlayListDAO.java:37) | success connection
[INFO ] | 2018-03-02 17:22:34.510 | [main] music.PlayListDAO (PlayListDAO.java:37) | success connection
[INFO ] | 2018-03-02 17:22:40.102 | [main] music.PlayListDAO (MusicListDAO.java:29) | Start connection
[INFO ] | 2018-03-02 17:22:40.102 | [main] music.PlayListDAO (MusicListDAO.java:29) | Start connection
[INFO ] | 2018-03-02 17:22:40.104 | [main] music.PlayListDAO (MusicListDAO.java:39) | success connection
[INFO ] | 2018-03-02 17:22:40.104 | [main] music.PlayListDAO (MusicListDAO.java:39) | success connection
[INFO ] | 2018-03-02 17:28:53.998 | [main] musiclist.App (App.java:36) | Commandline requested log level:
[INFO ] | 2018-03-02 17:28:53.998 | [main] musiclist.App (App.java:36) | Commandline requested log level:
[INFO ] | 2018-03-02 17:28:54.001 | [main] musiclist.App (App.java:37) | Application started with log level debug:
[INFO ] | 2018-03-02 17:28:54.001 | [main] musiclist.App (App.java:37) | Application started with log level debug:
[INFO ] | 2018-03-02 17:28:56.274 | [main] music.PlayListDAO (PlayListDAO.java:29) | Start connection
[INFO ] | 2018-03-02 17:28:56.274 | [main] music.PlayListDAO (PlayListDAO.java:29) | Start connection
[INFO ] | 2018-03-02 17:28:56.565 | [main] music.PlayListDAO (PlayListDAO.java:37) | success connection
[INFO ] | 2018-03-02 17:28:56.565 | [main] music.PlayListDAO (PlayListDAO.java:37) | success connection
[INFO ] | 2018-03-02 17:29:31.959 | [main] musiclist.App (App.java:36) | Commandline requested log level:
[INFO ] | 2018-03-02 17:29:31.959 | [main] musiclist.App (App.java:36) | Commandline requested log level:
[INFO ] | 2018-03-02 17:29:31.962 | [main] musiclist.App (App.java:37) | Application started with log level debug:
[INFO ] | 2018-03-02 17:29:31.962 | [main] musiclist.App (App.java:37) | Application started with log level debug:
[INFO ] | 2018-03-02 17:29:42.766 | [main] music.PlayListDAO (PlayListDAO.java:29) | Start connection
[INFO ] | 2018-03-02 17:29:42.766 | [main] music.PlayListDAO (PlayListDAO.java:29) | Start connection
[INFO ] | 2018-03-02 17:29:43.172 | [main] music.PlayListDAO (PlayListDAO.java:37) | success connection
[INFO ] | 2018-03-02 17:29:43.172 | [main] music.PlayListDAO (PlayListDAO.java:37) | success connection
[INFO ] | 2018-03-02 17:29:58.051 | [main] music.PlayListDAO (MusicListDAO.java:29) | Start connection
[INFO ] | 2018-03-02 17:29:58.051 | [main] music.PlayListDAO (MusicListDAO.java:29) | Start connection
[INFO ] | 2018-03-02 17:29:58.053 | [main] music.PlayListDAO (MusicListDAO.java:39) | success connection
[INFO ] | 2018-03-02 17:29:58.053 | [main] music.PlayListDAO (MusicListDAO.java:39) | success connection
[INFO ] | 2018-03-02 17:31:04.579 | [main] musiclist.App (App.java:36) | Commandline requested log level:
[INFO ] | 2018-03-02 17:31:04.579 | [main] musiclist.App (App.java:36) | Commandline requested log level:
[INFO ] | 2018-03-02 17:31:04.582 | [main] musiclist.App (App.java:37) | Application started with log level debug:
[INFO ] | 2018-03-02 17:31:04.582 | [main] musiclist.App (App.java:37) | Application started with log level debug:
[INFO ] | 2018-03-02 17:31:07.600 | [main] music.PlayListDAO (PlayListDAO.java:29) | Start connection
[INFO ] | 2018-03-02 17:31:07.600 | [main] music.PlayListDAO (PlayListDAO.java:29) | Start connection
[INFO ] | 2018-03-02 17:31:08.190 | [main] music.PlayListDAO (PlayListDAO.java:37) | success connection
[INFO ] | 2018-03-02 17:31:08.190 | [main] music.PlayListDAO (PlayListDAO.java:37) | success connection
[INFO ] | 2018-03-02 17:31:10.250 | [main] music.PlayListDAO (MusicListDAO.java:29) | Start connection
[INFO ] | 2018-03-02 17:31:10.250 | [main] music.PlayListDAO (MusicListDAO.java:29) | Start connection
[INFO ] | 2018-03-02 17:31:10.251 | [main] music.PlayListDAO (MusicListDAO.java:39) | success connection
[INFO ] | 2018-03-02 17:31:10.251 | [main] music.PlayListDAO (MusicListDAO.java:39) | success connection
[INFO ] | 2018-03-02 17:32:56.740 | [main] musiclist.App (App.java:36) | Commandline requested log level:
[INFO ] | 2018-03-02 17:32:56.740 | [main] musiclist.App (App.java:36) | Commandline requested log level:
[INFO ] | 2018-03-02 17:32:56.744 | [main] musiclist.App (App.java:37) | Application started with log level debug:
[INFO ] | 2018-03-02 17:32:56.744 | [main] musiclist.App (App.java:37) | Application started with log level debug:
[INFO ] | 2018-03-02 17:33:05.561 | [main] music.PlayListDAO (PlayListDAO.java:29) | Start connection
[INFO ] | 2018-03-02 17:33:05.561 | [main] music.PlayListDAO (PlayListDAO.java:29) | Start connection
[INFO ] | 2018-03-02 17:33:06.019 | [main] music.PlayListDAO (PlayListDAO.java:37) | success connection
[INFO ] | 2018-03-02 17:33:06.019 | [main] music.PlayListDAO (PlayListDAO.java:37) | success connection
[INFO ] | 2018-03-02 17:33:09.314 | [main] music.PlayListDAO (MusicListDAO.java:29) | Start connection
[INFO ] | 2018-03-02 17:33:09.314 | [main] music.PlayListDAO (MusicListDAO.java:29) | Start connection
[INFO ] | 2018-03-02 17:33:09.317 | [main] music.PlayListDAO (MusicListDAO.java:39) | success connection
[INFO ] | 2018-03-02 17:33:09.317 | [main] music.PlayListDAO (MusicListDAO.java:39) | success connection
[INFO ] | 2018-03-02 17:37:51.827 | [main] musiclist.App (App.java:36) | Commandline requested log level:
[INFO ] | 2018-03-02 17:37:51.827 | [main] musiclist.App (App.java:36) | Commandline requested log level:
[INFO ] | 2018-03-02 17:37:51.830 | [main] musiclist.App (App.java:37) | Application started with log level debug:
[INFO ] | 2018-03-02 17:37:51.830 | [main] musiclist.App (App.java:37) | Application started with log level debug:
[INFO ] | 2018-03-02 17:37:56.345 | [main] music.PlayListDAO (PlayListDAO.java:29) | Start connection
[INFO ] | 2018-03-02 17:37:56.345 | [main] music.PlayListDAO (PlayListDAO.java:29) | Start connection
[INFO ] | 2018-03-02 17:37:57.218 | [main] music.PlayListDAO (PlayListDAO.java:37) | success connection
[INFO ] | 2018-03-02 17:37:57.218 | [main] music.PlayListDAO (PlayListDAO.java:37) | success connection
[INFO ] | 2018-03-02 17:38:00.368 | [main] music.PlayListDAO (MusicListDAO.java:29) | Start connection
[INFO ] | 2018-03-02 17:38:00.368 | [main] music.PlayListDAO (MusicListDAO.java:29) | Start connection
[INFO ] | 2018-03-02 17:38:00.371 | [main] music.PlayListDAO (MusicListDAO.java:39) | success connection
[INFO ] | 2018-03-02 17:38:00.371 | [main] music.PlayListDAO (MusicListDAO.java:39) | success connection
[INFO ] | 2018-03-02 17:40:15.532 | [main] musiclist.App (App.java:36) | Commandline requested log level:
[INFO ] | 2018-03-02 17:40:15.532 | [main] musiclist.App (App.java:36) | Commandline requested log level:
[INFO ] | 2018-03-02 17:40:15.535 | [main] musiclist.App (App.java:37) | Application started with log level debug:
[INFO ] | 2018-03-02 17:40:15.535 | [main] musiclist.App (App.java:37) | Application started with log level debug:
[INFO ] | 2018-03-02 17:40:17.495 | [main] music.PlayListDAO (PlayListDAO.java:29) | Start connection
[INFO ] | 2018-03-02 17:40:17.495 | [main] music.PlayListDAO (PlayListDAO.java:29) | Start connection
[INFO ] | 2018-03-02 17:40:17.826 | [main] music.PlayListDAO (PlayListDAO.java:37) | success connection
[INFO ] | 2018-03-02 17:40:17.826 | [main] music.PlayListDAO (PlayListDAO.java:37) | success connection
[INFO ] | 2018-03-02 17:40:20.887 | [main] music.PlayListDAO (MusicListDAO.java:29) | Start connection
[INFO ] | 2018-03-02 17:40:20.887 | [main] music.PlayListDAO (MusicListDAO.java:29) | Start connection
[INFO ] | 2018-03-02 17:40:20.888 | [main] music.PlayListDAO (MusicListDAO.java:39) | success connection
[INFO ] | 2018-03-02 17:40:20.888 | [main] music.PlayListDAO (MusicListDAO.java:39) | success connection
[INFO ] | 2018-03-02 17:41:57.272 | [main] musiclist.App (App.java:36) | Commandline requested log level:
[INFO ] | 2018-03-02 17:41:57.272 | [main] musiclist.App (App.java:36) | Commandline requested log level:
[INFO ] | 2018-03-02 17:41:57.275 | [main] musiclist.App (App.java:37) | Application started with log level debug:
[INFO ] | 2018-03-02 17:41:57.275 | [main] musiclist.App (App.java:37) | Application started with log level debug:
[INFO ] | 2018-03-02 17:41:59.478 | [main] music.PlayListDAO (PlayListDAO.java:29) | Start connection
[INFO ] | 2018-03-02 17:41:59.478 | [main] music.PlayListDAO (PlayListDAO.java:29) | Start connection
[INFO ] | 2018-03-02 17:41:59.767 | [main] music.PlayListDAO (PlayListDAO.java:37) | success connection
[INFO ] | 2018-03-02 17:41:59.767 | [main] music.PlayListDAO (PlayListDAO.java:37) | success connection
[INFO ] | 2018-03-02 17:42:01.931 | [main] music.PlayListDAO (MusicListDAO.java:29) | Start connection
[INFO ] | 2018-03-02 17:42:01.931 | [main] music.PlayListDAO (MusicListDAO.java:29) | Start connection
[INFO ] | 2018-03-02 17:42:01.932 | [main] music.PlayListDAO (MusicListDAO.java:39) | success connection
[INFO ] | 2018-03-02 17:42:01.932 | [main] music.PlayListDAO (MusicListDAO.java:39) | success connection
[INFO ] | 2018-03-02 17:45:48.664 | [main] musiclist.App (App.java:36) | Commandline requested log level:
[INFO ] | 2018-03-02 17:45:48.664 | [main] musiclist.App (App.java:36) | Commandline requested log level:
[INFO ] | 2018-03-02 17:45:48.667 | [main] musiclist.App (App.java:37) | Application started with log level debug:
[INFO ] | 2018-03-02 17:45:48.667 | [main] musiclist.App (App.java:37) | Application started with log level debug:
[INFO ] | 2018-03-02 17:45:50.838 | [main] music.PlayListDAO (PlayListDAO.java:29) | Start connection
[INFO ] | 2018-03-02 17:45:50.838 | [main] music.PlayListDAO (PlayListDAO.java:29) | Start connection
[INFO ] | 2018-03-02 17:45:51.180 | [main] music.PlayListDAO (PlayListDAO.java:37) | success connection
[INFO ] | 2018-03-02 17:45:51.180 | [main] music.PlayListDAO (PlayListDAO.java:37) | success connection
[INFO ] | 2018-03-02 17:46:36.019 | [main] musiclist.App (App.java:36) | Commandline requested log level:
[INFO ] | 2018-03-02 17:46:36.019 | [main] musiclist.App (App.java:36) | Commandline requested log level:
[INFO ] | 2018-03-02 17:46:36.022 | [main] musiclist.App (App.java:37) | Application started with log level debug:
[INFO ] | 2018-03-02 17:46:36.022 | [main] musiclist.App (App.java:37) | Application started with log level debug:
[INFO ] | 2018-03-02 17:46:40.678 | [main] music.PlayListDAO (PlayListDAO.java:29) | Start connection
[INFO ] | 2018-03-02 17:46:40.678 | [main] music.PlayListDAO (PlayListDAO.java:29) | Start connection
[INFO ] | 2018-03-02 17:46:41.388 | [main] music.PlayListDAO (PlayListDAO.java:37) | success connection
[INFO ] | 2018-03-02 17:46:41.388 | [main] music.PlayListDAO (PlayListDAO.java:37) | success connection
[INFO ] | 2018-03-02 17:46:54.361 | [main] music.PlayListDAO (MusicListDAO.java:29) | Start connection
[INFO ] | 2018-03-02 17:46:54.361 | [main] music.PlayListDAO (MusicListDAO.java:29) | Start connection
[INFO ] | 2018-03-02 17:46:54.363 | [main] music.PlayListDAO (MusicListDAO.java:39) | success connection
[INFO ] | 2018-03-02 17:46:54.363 | [main] music.PlayListDAO (MusicListDAO.java:39) | success connection
[INFO ] | 2018-03-02 17:48:36.395 | [main] musiclist.App (App.java:36) | Commandline requested log level:
[INFO ] | 2018-03-02 17:48:36.395 | [main] musiclist.App (App.java:36) | Commandline requested log level:
[INFO ] | 2018-03-02 17:48:36.398 | [main] musiclist.App (App.java:37) | Application started with log level debug:
[INFO ] | 2018-03-02 17:48:36.398 | [main] musiclist.App (App.java:37) | Application started with log level debug:
[INFO ] | 2018-03-02 17:48:39.107 | [main] music.PlayListDAO (PlayListDAO.java:29) | Start connection
[INFO ] | 2018-03-02 17:48:39.107 | [main] music.PlayListDAO (PlayListDAO.java:29) | Start connection
[INFO ] | 2018-03-02 17:48:40.498 | [main] music.PlayListDAO (PlayListDAO.java:37) | success connection
[INFO ] | 2018-03-02 17:48:40.498 | [main] music.PlayListDAO (PlayListDAO.java:37) | success connection
[INFO ] | 2018-03-02 17:48:54.107 | [main] music.PlayListDAO (MusicListDAO.java:29) | Start connection
[INFO ] | 2018-03-02 17:48:54.107 | [main] music.PlayListDAO (MusicListDAO.java:29) | Start connection
[INFO ] | 2018-03-02 17:48:54.109 | [main] music.PlayListDAO (MusicListDAO.java:39) | success connection
[INFO ] | 2018-03-02 17:48:54.109 | [main] music.PlayListDAO (MusicListDAO.java:39) | success connection
[INFO ] | 2018-03-02 19:03:47.681 | [main] musiclist.App (App.java:36) | Commandline requested log level:
[INFO ] | 2018-03-02 19:03:47.681 | [main] musiclist.App (App.java:36) | Commandline requested log level:
[INFO ] | 2018-03-02 19:03:47.684 | [main] musiclist.App (App.java:37) | Application started with log level debug:
[INFO ] | 2018-03-02 19:03:47.684 | [main] musiclist.App (App.java:37) | Application started with log level debug:
[ERROR] | 2018-03-02 19:03:53.815 | [main] user.UserDAO (UserDAO.java:72) | no such column: 'firstName'
[ERROR] | 2018-03-02 19:03:53.815 | [main] user.UserDAO (UserDAO.java:72) | no such column: 'firstName'
[INFO ] | 2018-03-02 19:05:41.462 | [main] musiclist.App (App.java:36) | Commandline requested log level:
[INFO ] | 2018-03-02 19:05:41.462 | [main] musiclist.App (App.java:36) | Commandline requested log level:
[INFO ] | 2018-03-02 19:05:41.465 | [main] musiclist.App (App.java:37) | Application started with log level debug:
[INFO ] | 2018-03-02 19:05:41.465 | [main] musiclist.App (App.java:37) | Application started with log level debug:
[ERROR] | 2018-03-02 19:05:49.559 | [main] user.UserDAO (UserDAO.java:72) | no such column: 'userEmail'
[ERROR] | 2018-03-02 19:05:49.559 | [main] user.UserDAO (UserDAO.java:72) | no such column: 'userEmail'
[INFO ] | 2018-03-02 19:09:39.022 | [main] musiclist.App (App.java:36) | Commandline requested log level:
[INFO ] | 2018-03-02 19:09:39.022 | [main] musiclist.App (App.java:36) | Commandline requested log level:
[INFO ] | 2018-03-02 19:09:39.025 | [main] musiclist.App (App.java:37) | Application started with log level debug:
[INFO ] | 2018-03-02 19:09:39.025 | [main] musiclist.App (App.java:37) | Application started with log level debug:
[INFO ] | 2018-03-02 19:10:25.613 | [main] musiclist.App (App.java:36) | Commandline requested log level:
[INFO ] | 2018-03-02 19:10:25.613 | [main] musiclist.App (App.java:36) | Commandline requested log level:
[INFO ] | 2018-03-02 19:10:25.616 | [main] musiclist.App (App.java:37) | Application started with log level debug:
[INFO ] | 2018-03-02 19:10:25.616 | [main] musiclist.App (App.java:37) | Application started with log level debug:
[INFO ] | 2018-03-02 19:10:45.433 | [main] music.PlayListDAO (PlayListDAO.java:29) | Start connection
[INFO ] | 2018-03-02 19:10:45.433 | [main] music.PlayListDAO (PlayListDAO.java:29) | Start connection
[INFO ] | 2018-03-02 19:10:45.434 | [main] music.PlayListDAO (PlayListDAO.java:37) | success connection
[INFO ] | 2018-03-02 19:10:45.434 | [main] music.PlayListDAO (PlayListDAO.java:37) | success connection
[INFO ] | 2018-03-02 19:10:48.333 | [main] music.PlayListDAO (MusicListDAO.java:29) | Start connection
[INFO ] | 2018-03-02 19:10:48.333 | [main] music.PlayListDAO (MusicListDAO.java:29) | Start connection
[INFO ] | 2018-03-02 19:10:48.333 | [main] music.PlayListDAO (MusicListDAO.java:39) | success connection
[INFO ] | 2018-03-02 19:10:48.333 | [main] music.PlayListDAO (MusicListDAO.java:39) | success connection
[INFO ] | 2018-03-02 19:10:53.963 | [main] music.PlayListDAO (MusicListDAO.java:29) | Start connection
[INFO ] | 2018-03-02 19:10:53.963 | [main] music.PlayListDAO (MusicListDAO.java:29) | Start connection
[INFO ] | 2018-03-02 19:10:53.965 | [main] music.PlayListDAO (MusicListDAO.java:39) | success connection
[INFO ] | 2018-03-02 19:10:53.965 | [main] music.PlayListDAO (MusicListDAO.java:39) | success connection
[INFO ] | 2018-03-02 19:11:26.610 | [main] music.PlayListDAO (PlayListDAO.java:29) | Start connection
[INFO ] | 2018-03-02 19:11:26.610 | [main] music.PlayListDAO (PlayListDAO.java:29) | Start connection
[INFO ] | 2018-03-02 19:11:26.611 | [main] music.PlayListDAO (PlayListDAO.java:37) | success connection
[INFO ] | 2018-03-02 19:11:26.611 | [main] music.PlayListDAO (PlayListDAO.java:37) | success connection
[INFO ] | 2018-03-02 19:11:42.309 | [main] music.PlayListDAO (MusicListDAO.java:29) | Start connection
[INFO ] | 2018-03-02 19:11:42.309 | [main] music.PlayListDAO (MusicListDAO.java:29) | Start connection
[INFO ] | 2018-03-02 19:11:42.311 | [main] music.PlayListDAO (MusicListDAO.java:39) | success connection
[INFO ] | 2018-03-02 19:11:42.311 | [main] music.PlayListDAO (MusicListDAO.java:39) | success connection
